Build started 2/29/2016 2:19:10 AM.
     1>Project "c:\Users\hmduong\documents\visual studio 2013\Projects\PlateRecognizationFramework\CameraConvertor\CameraConvertor.vcxproj" on node 2 (Build target(s)).
     1>ClCompile:
         C:\Program Files (x86)\Microsoft Visual Studio 12.0\VC\bin\x86_amd64\CL.exe /c /I"C:\Users\hmduong\Documents\Visual Studio 2013\Projects\PlateRecognizationFramework\CameraConvertor\include" /IC:\OpenCV\build\include /Zi /nologo /W3 /WX- /sdl /O2 /Oi /GL /D WIN32 /D NDEBUG /D _WINDOWS /D _USRDLL /D CAMERACONVERTOR_EXPORTS /D _UNICODE /D UNICODE /Gm- /EHsc /MD /GS /Gy /fp:precise /Zc:wchar_t /Zc:forScope /Fo"x64\Release\\" /Fd"x64\Release\vc120.pdb" /Gd /TP /errorReport:prompt src\CameraConvertor.cpp
         CameraConvertor.cpp
     1>C:\OpenCV\build\include\opencv2/core/mat.hpp(1965): warning C4819: The file contains a character that cannot be represented in the current code page (932). Save the file in Unicode format to prevent data loss
     1>C:\OpenCV\build\include\opencv2/core/persistence.hpp : warning C4819: The file contains a character that cannot be represented in the current code page (932). Save the file in Unicode format to prevent data loss
     1>C:\OpenCV\build\include\opencv2/core/utility.hpp : warning C4819: The file contains a character that cannot be represented in the current code page (932). Save the file in Unicode format to prevent data loss
       Lib:
         C:\Program Files (x86)\Microsoft Visual Studio 12.0\VC\bin\x86_amd64\Lib.exe /OUT:"c:\users\hmduong\documents\visual studio 2013\Projects\PlateRecognizationFramework\x64\Release\CameraConvertor.lib" opencv_world310.lib /LIBPATH:C:\OpenCV\build\x64\vc12\lib /NOLOGO /MACHINE:X64 /LTCG x64\Release\CameraConvertor.obj
     1>CameraConvertor.obj : warning LNK4006: "public: class cv::VideoCapture & __cdecl cv::VideoCapture::operator=(class cv::VideoCapture const &)" (??4VideoCapture@cv@@QEAAAEAV01@AEBV01@@Z) already defined in opencv_world310.lib(opencv_world310.dll); second definition ignored
     1>CameraConvertor.obj : warning LNK4006: "public: __cdecl cv::String::String(class std::basic_string<char,struct std::char_traits<char>,class std::allocator<char> > const &)" (??0String@cv@@QEAA@AEBV?$basic_string@DU?$char_traits@D@std@@V?$allocator@D@2@@std@@@Z) already defined in opencv_world310.lib(opencv_world310.dll); second definition ignored
     1>CameraConvertor.obj : warning LNK4006: "public: unsigned __int64 & __cdecl cv::MatStep::operator[](int)" (??AMatStep@cv@@QEAAAEA_KH@Z) already defined in opencv_world310.lib(opencv_world310.dll); second definition ignored
     1>CameraConvertor.obj : warning LNK4006: "public: unsigned __int64 const & __cdecl cv::MatStep::operator[](int)const " (??AMatStep@cv@@QEBAAEB_KH@Z) already defined in opencv_world310.lib(opencv_world310.dll); second definition ignored
     1>CameraConvertor.obj : warning LNK4006: "public: __cdecl cv::MatStep::MatStep(void)" (??0MatStep@cv@@QEAA@XZ) already defined in opencv_world310.lib(opencv_world310.dll); second definition ignored
     1>CameraConvertor.obj : warning LNK4006: "public: __cdecl cv::MatSize::MatSize(int *)" (??0MatSize@cv@@QEAA@PEAH@Z) already defined in opencv_world310.lib(opencv_world310.dll); second definition ignored
     1>CameraConvertor.obj : warning LNK4006: "public: class cv::Mat & __cdecl cv::Mat::operator=(class cv::Mat &&)" (??4Mat@cv@@QEAAAEAV01@$$QEAV01@@Z) already defined in opencv_world310.lib(opencv_world310.dll); second definition ignored
     1>CameraConvertor.obj : warning LNK4006: "public: __cdecl cv::Mat::Mat(class cv::Mat &&)" (??0Mat@cv@@QEAA@$$QEAV01@@Z) already defined in opencv_world310.lib(opencv_world310.dll); second definition ignored
     1>CameraConvertor.obj : warning LNK4006: "public: void __cdecl cv::Mat::release(void)" (?release@Mat@cv@@QEAAXXZ) already defined in opencv_world310.lib(opencv_world310.dll); second definition ignored
     1>CameraConvertor.obj : warning LNK4006: "public: class cv::Mat & __cdecl cv::Mat::operator=(class cv::Mat const &)" (??4Mat@cv@@QEAAAEAV01@AEBV01@@Z) already defined in opencv_world310.lib(opencv_world310.dll); second definition ignored
     1>CameraConvertor.obj : warning LNK4006: "public: __cdecl cv::Mat::~Mat(void)" (??1Mat@cv@@QEAA@XZ) already defined in opencv_world310.lib(opencv_world310.dll); second definition ignored
     1>CameraConvertor.obj : warning LNK4006: "public: __cdecl cv::Mat::Mat(class cv::Mat const &)" (??0Mat@cv@@QEAA@AEBV01@@Z) already defined in opencv_world310.lib(opencv_world310.dll); second definition ignored
     1>CameraConvertor.obj : warning LNK4006: "public: __cdecl cv::Mat::Mat(void)" (??0Mat@cv@@QEAA@XZ) already defined in opencv_world310.lib(opencv_world310.dll); second definition ignored
     1>CameraConvertor.obj : warning LNK4006: "public: __cdecl cv::String::~String(void)" (??1String@cv@@QEAA@XZ) already defined in opencv_world310.lib(opencv_world310.dll); second definition ignored
         CameraConvertor.vcxproj -> c:\users\hmduong\documents\visual studio 2013\Projects\PlateRecognizationFramework\x64\Release\CameraConvertor.lib
     1>Done Building Project "c:\Users\hmduong\documents\visual studio 2013\Projects\PlateRecognizationFramework\CameraConvertor\CameraConvertor.vcxproj" (Build target(s)).

Build succeeded.

Time Elapsed 00:00:00.83
