Build started 4/18/2016 2:32:47 PM.
     1>Project "C:\Users\hmduong\Documents\GitHub\PlateRecogFramework\PlateRecognizationFramework\CarDetector\CarDetector.vcxproj" on node 4 (Rebuild target(s)).
     1>ClCompile:
         C:\Program Files (x86)\Microsoft Visual Studio 12.0\VC\bin\CL.exe /c /Iinclude /IE:\PlateRecogExtendedLib\opencv\build\include /Zi /nologo /W3 /WX- /sdl /O2 /Oi /Oy- /GL /D WIN32 /D NDEBUG /D _LIB /D _UNICODE /D UNICODE /Gm- /EHsc /MD /GS /Gy /fp:precise /Zc:wchar_t /Zc:forScope /Fo"Release\\" /Fd"Release\vc120.pdb" /Gd /TP /analyze- /errorReport:prompt src\BackgroundSubtractionData.cpp src\BackgroundSubtractionStrategy.cpp src\CarDetector.cpp src\CarRegion.cpp src\ICarDetect.cpp
         BackgroundSubtractionData.cpp
         BackgroundSubtractionStrategy.cpp
     1>E:\PlateRecogExtendedLib\opencv\build\include\opencv2/core/mat.hpp(1965): warning C4819: The file contains a character that cannot be represented in the current code page (932). Save the file in Unicode format to prevent data loss
     1>E:\PlateRecogExtendedLib\opencv\build\include\opencv2/core/persistence.hpp : warning C4819: The file contains a character that cannot be represented in the current code page (932). Save the file in Unicode format to prevent data loss
     1>E:\PlateRecogExtendedLib\opencv\build\include\opencv2/core/utility.hpp : warning C4819: The file contains a character that cannot be represented in the current code page (932). Save the file in Unicode format to prevent data loss
         CarDetector.cpp
     1>E:\PlateRecogExtendedLib\opencv\build\include\opencv2/core/mat.hpp(1965): warning C4819: The file contains a character that cannot be represented in the current code page (932). Save the file in Unicode format to prevent data loss
     1>E:\PlateRecogExtendedLib\opencv\build\include\opencv2/core/persistence.hpp : warning C4819: The file contains a character that cannot be represented in the current code page (932). Save the file in Unicode format to prevent data loss
     1>E:\PlateRecogExtendedLib\opencv\build\include\opencv2/core/utility.hpp : warning C4819: The file contains a character that cannot be represented in the current code page (932). Save the file in Unicode format to prevent data loss
         CarRegion.cpp
         ICarDetect.cpp
       Lib:
         C:\Program Files (x86)\Microsoft Visual Studio 12.0\VC\bin\Lib.exe /OUT:"C:\Users\hmduong\Documents\GitHub\PlateRecogFramework\PlateRecognizationFramework\Release\CarDetector.lib" /NOLOGO /LTCG Release\BackgroundSubtractionData.obj
         Release\BackgroundSubtractionStrategy.obj
         Release\CarDetector.obj
         Release\CarRegion.obj
         Release\ICarDetect.obj
         CarDetector.vcxproj -> C:\Users\hmduong\Documents\GitHub\PlateRecogFramework\PlateRecognizationFramework\Release\CarDetector.lib
     1>Done Building Project "C:\Users\hmduong\Documents\GitHub\PlateRecogFramework\PlateRecognizationFramework\CarDetector\CarDetector.vcxproj" (Rebuild target(s)).

Build succeeded.

Time Elapsed 00:00:02.20
