c:\users\hmduong\documents\visual studio 2013\projects\platerecognizationframework\platerecognizationframework\x64\debug\vc120.pdb
c:\users\hmduong\documents\visual studio 2013\projects\platerecognizationframework\platerecognizationframework\x64\debug\vc120.idb
c:\users\hmduong\documents\visual studio 2013\projects\platerecognizationframework\platerecognizationframework\x64\debug\main.obj
c:\customplaterecoglib\platerecognizationframework.pdb
c:\users\hmduong\documents\visual studio 2013\projects\platerecognizationframework\platerecognizationframework\x64\debug\platerec.29b83521.tlog\cl.command.1.tlog
c:\users\hmduong\documents\visual studio 2013\projects\platerecognizationframework\platerecognizationframework\x64\debug\platerec.29b83521.tlog\cl.read.1.tlog
c:\users\hmduong\documents\visual studio 2013\projects\platerecognizationframework\platerecognizationframework\x64\debug\platerec.29b83521.tlog\cl.write.1.tlog
c:\users\hmduong\documents\visual studio 2013\projects\platerecognizationframework\platerecognizationframework\x64\debug\platerec.29b83521.tlog\link-cvtres.read.1.tlog
c:\users\hmduong\documents\visual studio 2013\projects\platerecognizationframework\platerecognizationframework\x64\debug\platerec.29b83521.tlog\link-cvtres.write.1.tlog
c:\users\hmduong\documents\visual studio 2013\projects\platerecognizationframework\platerecognizationframework\x64\debug\platerec.29b83521.tlog\link-rc.read.1.tlog
c:\users\hmduong\documents\visual studio 2013\projects\platerecognizationframework\platerecognizationframework\x64\debug\platerec.29b83521.tlog\link-rc.write.1.tlog
c:\users\hmduong\documents\visual studio 2013\projects\platerecognizationframework\platerecognizationframework\x64\debug\platerec.29b83521.tlog\link.3396-cvtres.read.1.tlog
c:\users\hmduong\documents\visual studio 2013\projects\platerecognizationframework\platerecognizationframework\x64\debug\platerec.29b83521.tlog\link.3396-cvtres.write.1.tlog
c:\users\hmduong\documents\visual studio 2013\projects\platerecognizationframework\platerecognizationframework\x64\debug\platerec.29b83521.tlog\link.3396-rc.read.1.tlog
c:\users\hmduong\documents\visual studio 2013\projects\platerecognizationframework\platerecognizationframework\x64\debug\platerec.29b83521.tlog\link.3396-rc.write.1.tlog
c:\users\hmduong\documents\visual studio 2013\projects\platerecognizationframework\platerecognizationframework\x64\debug\platerec.29b83521.tlog\link.3396.read.1.tlog
c:\users\hmduong\documents\visual studio 2013\projects\platerecognizationframework\platerecognizationframework\x64\debug\platerec.29b83521.tlog\link.3396.write.1.tlog
c:\users\hmduong\documents\visual studio 2013\projects\platerecognizationframework\platerecognizationframework\x64\debug\platerec.29b83521.tlog\link.command.1.tlog
c:\users\hmduong\documents\visual studio 2013\projects\platerecognizationframework\platerecognizationframework\x64\debug\platerec.29b83521.tlog\link.read.1.tlog
c:\users\hmduong\documents\visual studio 2013\projects\platerecognizationframework\platerecognizationframework\x64\debug\platerec.29b83521.tlog\link.write.1.tlog
