Build started 3/30/2016 3:56:56 AM.
     1>Project "C:\Users\hmduong\Documents\GitHub\PlateRecogFramework\PlateRecognizationFramework\CarDetector\CarDetector.vcxproj" on node 4 (Build target(s)).
     1>ClCompile:
         C:\Program Files (x86)\Microsoft Visual Studio 12.0\VC\bin\x86_amd64\CL.exe /c /Iinclude /IC:\OpenCV\build\include /Zi /nologo /W3 /WX- /sdl /Od /D WIN32 /D _DEBUG /D _LIB /D _UNICODE /D UNICODE /Gm /EHsc /RTC1 /MDd /GS /fp:precise /Zc:wchar_t /Zc:forScope /Fo"x64\Debug\\" /Fd"x64\Debug\vc120.pdb" /Gd /TP /errorReport:prompt src\BackgroundSubtractionData.cpp src\BackgroundSubtractionStrategy.cpp src\CarDetector.cpp src\CarRegion.cpp src\ICarDetect.cpp
         ICarDetect.cpp
         CarRegion.cpp
         CarDetector.cpp
     1>C:\OpenCV\build\include\opencv2/core/mat.hpp(1965): warning C4819: The file contains a character that cannot be represented in the current code page (932). Save the file in Unicode format to prevent data loss
     1>C:\OpenCV\build\include\opencv2/core/persistence.hpp : warning C4819: The file contains a character that cannot be represented in the current code page (932). Save the file in Unicode format to prevent data loss
     1>C:\OpenCV\build\include\opencv2/core/utility.hpp : warning C4819: The file contains a character that cannot be represented in the current code page (932). Save the file in Unicode format to prevent data loss
         BackgroundSubtractionStrategy.cpp
     1>C:\OpenCV\build\include\opencv2/core/mat.hpp(1965): warning C4819: The file contains a character that cannot be represented in the current code page (932). Save the file in Unicode format to prevent data loss
     1>C:\OpenCV\build\include\opencv2/core/persistence.hpp : warning C4819: The file contains a character that cannot be represented in the current code page (932). Save the file in Unicode format to prevent data loss
     1>C:\OpenCV\build\include\opencv2/core/utility.hpp : warning C4819: The file contains a character that cannot be represented in the current code page (932). Save the file in Unicode format to prevent data loss
         BackgroundSubtractionData.cpp
         Generating Code...
       Lib:
         C:\Program Files (x86)\Microsoft Visual Studio 12.0\VC\bin\x86_amd64\Lib.exe /OUT:"C:\Users\hmduong\Documents\GitHub\PlateRecogFramework\PlateRecognizationFramework\x64\Debug\CarDetector.lib" /NOLOGO /MACHINE:X64 x64\Debug\BackgroundSubtractionData.obj
         x64\Debug\BackgroundSubtractionStrategy.obj
         x64\Debug\CarDetector.obj
         x64\Debug\CarRegion.obj
         x64\Debug\ICarDetect.obj
         CarDetector.vcxproj -> C:\Users\hmduong\Documents\GitHub\PlateRecogFramework\PlateRecognizationFramework\x64\Debug\CarDetector.lib
     1>Done Building Project "C:\Users\hmduong\Documents\GitHub\PlateRecogFramework\PlateRecognizationFramework\CarDetector\CarDetector.vcxproj" (Build target(s)).

Build succeeded.

Time Elapsed 00:00:03.45
