Build started 4/18/2016 2:32:47 PM.
     1>Project "C:\Users\hmduong\Documents\GitHub\PlateRecogFramework\PlateRecognizationFramework\PlateDetector\PlateDetector.vcxproj" on node 5 (Rebuild target(s)).
     1>ClCompile:
         C:\Program Files (x86)\Microsoft Visual Studio 12.0\VC\bin\CL.exe /c /IE:\PlateRecogExtendedLib\opencv\build\include /Iinclude /Zi /nologo /W3 /WX- /sdl /O2 /Oi /Oy- /GL /D WIN32 /D NDEBUG /D _LIB /D _UNICODE /D UNICODE /Gm- /EHsc /MD /GS /Gy /fp:precise /Zc:wchar_t /Zc:forScope /Fo"Release\\" /Fd"Release\vc120.pdb" /Gd /TP /analyze- /errorReport:prompt src\CascadeTrainingStrategy.cpp src\IPlateDetect.cpp src\IPlateDetectStrategy.cpp src\PlateDetector.cpp
         CascadeTrainingStrategy.cpp
     1>E:\PlateRecogExtendedLib\opencv\build\include\opencv2/core/mat.hpp(1965): warning C4819: The file contains a character that cannot be represented in the current code page (932). Save the file in Unicode format to prevent data loss
     1>E:\PlateRecogExtendedLib\opencv\build\include\opencv2/core/persistence.hpp : warning C4819: The file contains a character that cannot be represented in the current code page (932). Save the file in Unicode format to prevent data loss
     1>E:\PlateRecogExtendedLib\opencv\build\include\opencv2/core/utility.hpp : warning C4819: The file contains a character that cannot be represented in the current code page (932). Save the file in Unicode format to prevent data loss
     1>src\CascadeTrainingStrategy.cpp(15): warning C4018: '<' : signed/unsigned mismatch
         IPlateDetect.cpp
     1>E:\PlateRecogExtendedLib\opencv\build\include\opencv2/core/mat.hpp(1965): warning C4819: The file contains a character that cannot be represented in the current code page (932). Save the file in Unicode format to prevent data loss
     1>E:\PlateRecogExtendedLib\opencv\build\include\opencv2/core/persistence.hpp : warning C4819: The file contains a character that cannot be represented in the current code page (932). Save the file in Unicode format to prevent data loss
     1>E:\PlateRecogExtendedLib\opencv\build\include\opencv2/core/utility.hpp : warning C4819: The file contains a character that cannot be represented in the current code page (932). Save the file in Unicode format to prevent data loss
         IPlateDetectStrategy.cpp
     1>E:\PlateRecogExtendedLib\opencv\build\include\opencv2/core/mat.hpp(1965): warning C4819: The file contains a character that cannot be represented in the current code page (932). Save the file in Unicode format to prevent data loss
     1>E:\PlateRecogExtendedLib\opencv\build\include\opencv2/core/persistence.hpp : warning C4819: The file contains a character that cannot be represented in the current code page (932). Save the file in Unicode format to prevent data loss
     1>E:\PlateRecogExtendedLib\opencv\build\include\opencv2/core/utility.hpp : warning C4819: The file contains a character that cannot be represented in the current code page (932). Save the file in Unicode format to prevent data loss
         PlateDetector.cpp
     1>E:\PlateRecogExtendedLib\opencv\build\include\opencv2/core/mat.hpp(1965): warning C4819: The file contains a character that cannot be represented in the current code page (932). Save the file in Unicode format to prevent data loss
     1>E:\PlateRecogExtendedLib\opencv\build\include\opencv2/core/persistence.hpp : warning C4819: The file contains a character that cannot be represented in the current code page (932). Save the file in Unicode format to prevent data loss
     1>E:\PlateRecogExtendedLib\opencv\build\include\opencv2/core/utility.hpp : warning C4819: The file contains a character that cannot be represented in the current code page (932). Save the file in Unicode format to prevent data loss
       Lib:
         C:\Program Files (x86)\Microsoft Visual Studio 12.0\VC\bin\Lib.exe /OUT:"C:\Users\hmduong\Documents\GitHub\PlateRecogFramework\PlateRecognizationFramework\Release\PlateDetector.lib" /NOLOGO /LTCG Release\CascadeTrainingStrategy.obj
         Release\IPlateDetect.obj
         Release\IPlateDetectStrategy.obj
         Release\PlateDetector.obj
         PlateDetector.vcxproj -> C:\Users\hmduong\Documents\GitHub\PlateRecogFramework\PlateRecognizationFramework\Release\PlateDetector.lib
     1>Done Building Project "C:\Users\hmduong\Documents\GitHub\PlateRecogFramework\PlateRecognizationFramework\PlateDetector\PlateDetector.vcxproj" (Rebuild target(s)).

Build succeeded.

Time Elapsed 00:00:03.29
