Build started 3/12/2016 8:23:49 PM.
     1>Project "C:\Users\hmduong\Documents\GitHub\PlateRecogFramework\PlateRecognizationFramework\CameraConvertor\CameraConvertor.vcxproj" on node 3 (Build target(s)).
     1>ClCompile:
         C:\Program Files (x86)\Microsoft Visual Studio 12.0\VC\bin\x86_amd64\CL.exe /c /I"C:\Users\hmduong\Documents\Visual Studio 2013\Projects\PlateRecognizationFramework\CameraConvertor\include" /IC:\OpenCV\build\include /Zi /nologo /W3 /WX- /sdl /Od /D WIN32 /D _DEBUG /D _WINDOWS /D _USRDLL /D CAMERACONVERTOR_EXPORTS /D _UNICODE /D UNICODE /Gm /EHsc /RTC1 /MDd /GS /fp:precise /Zc:wchar_t /Zc:forScope /Fo"x64\Debug\\" /Fd"x64\Debug\vc120.pdb" /Gd /TP /errorReport:prompt src\CameraConvertor.cpp
         CameraConvertor.cpp
     1>C:\OpenCV\build\include\opencv2/core/mat.hpp(1965): warning C4819: The file contains a character that cannot be represented in the current code page (932). Save the file in Unicode format to prevent data loss
     1>C:\OpenCV\build\include\opencv2/core/persistence.hpp : warning C4819: The file contains a character that cannot be represented in the current code page (932). Save the file in Unicode format to prevent data loss
     1>C:\OpenCV\build\include\opencv2/core/utility.hpp : warning C4819: The file contains a character that cannot be represented in the current code page (932). Save the file in Unicode format to prevent data loss
     1>c:\users\hmduong\documents\github\platerecogframework\platerecognizationframework\cameraconvertor\src\cameraconvertor.cpp(30): warning C4715: 'pr::CameraConvertor::GetImage' : not all control paths return a value
       Lib:
         C:\Program Files (x86)\Microsoft Visual Studio 12.0\VC\bin\x86_amd64\Lib.exe /OUT:"C:\Users\hmduong\Documents\GitHub\PlateRecogFramework\PlateRecognizationFramework\x64\Debug\CameraConvertor.lib" opencv_world310.lib /LIBPATH:C:\OpenCV\build\x64\vc12\lib /NOLOGO /MACHINE:X64 x64\Debug\CameraConvertor.obj
     1>CameraConvertor.obj : warning LNK4006: "public: __cdecl cv::Mat::Mat(class cv::Mat &&)" (??0Mat@cv@@QEAA@$$QEAV01@@Z) already defined in opencv_world310.lib(opencv_world310.dll); second definition ignored
     1>CameraConvertor.obj : warning LNK4006: "public: __cdecl cv::Mat::Mat(class cv::Mat const &)" (??0Mat@cv@@QEAA@AEBV01@@Z) already defined in opencv_world310.lib(opencv_world310.dll); second definition ignored
     1>CameraConvertor.obj : warning LNK4006: "public: __cdecl cv::Mat::Mat(void)" (??0Mat@cv@@QEAA@XZ) already defined in opencv_world310.lib(opencv_world310.dll); second definition ignored
     1>CameraConvertor.obj : warning LNK4006: "public: __cdecl cv::MatSize::MatSize(int *)" (??0MatSize@cv@@QEAA@PEAH@Z) already defined in opencv_world310.lib(opencv_world310.dll); second definition ignored
     1>CameraConvertor.obj : warning LNK4006: "public: __cdecl cv::MatStep::MatStep(void)" (??0MatStep@cv@@QEAA@XZ) already defined in opencv_world310.lib(opencv_world310.dll); second definition ignored
     1>CameraConvertor.obj : warning LNK4006: "public: __cdecl cv::String::String(class std::basic_string<char,struct std::char_traits<char>,class std::allocator<char> > const &)" (??0String@cv@@QEAA@AEBV?$basic_string@DU?$char_traits@D@std@@V?$allocator@D@2@@std@@@Z) already defined in opencv_world310.lib(opencv_world310.dll); second definition ignored
     1>CameraConvertor.obj : warning LNK4006: "public: __cdecl cv::String::String(char const *)" (??0String@cv@@QEAA@PEBD@Z) already defined in opencv_world310.lib(opencv_world310.dll); second definition ignored
     1>CameraConvertor.obj : warning LNK4006: "public: __cdecl cv::_InputArray::_InputArray(void)" (??0_InputArray@cv@@QEAA@XZ) already defined in opencv_world310.lib(opencv_world310.dll); second definition ignored
     1>CameraConvertor.obj : warning LNK4006: "public: __cdecl cv::_OutputArray::_OutputArray(class cv::Mat &)" (??0_OutputArray@cv@@QEAA@AEAVMat@1@@Z) already defined in opencv_world310.lib(opencv_world310.dll); second definition ignored
     1>CameraConvertor.obj : warning LNK4006: "public: __cdecl cv::Mat::~Mat(void)" (??1Mat@cv@@QEAA@XZ) already defined in opencv_world310.lib(opencv_world310.dll); second definition ignored
     1>CameraConvertor.obj : warning LNK4006: "public: __cdecl cv::String::~String(void)" (??1String@cv@@QEAA@XZ) already defined in opencv_world310.lib(opencv_world310.dll); second definition ignored
     1>CameraConvertor.obj : warning LNK4006: "public: __cdecl cv::_InputArray::~_InputArray(void)" (??1_InputArray@cv@@QEAA@XZ) already defined in opencv_world310.lib(opencv_world310.dll); second definition ignored
     1>CameraConvertor.obj : warning LNK4006: "public: __cdecl cv::_OutputArray::~_OutputArray(void)" (??1_OutputArray@cv@@QEAA@XZ) already defined in opencv_world310.lib(opencv_world310.dll); second definition ignored
     1>CameraConvertor.obj : warning LNK4006: "public: class cv::Mat & __cdecl cv::Mat::operator=(class cv::Mat &&)" (??4Mat@cv@@QEAAAEAV01@$$QEAV01@@Z) already defined in opencv_world310.lib(opencv_world310.dll); second definition ignored
     1>CameraConvertor.obj : warning LNK4006: "public: class cv::VideoCapture & __cdecl cv::VideoCapture::operator=(class cv::VideoCapture const &)" (??4VideoCapture@cv@@QEAAAEAV01@AEBV01@@Z) already defined in opencv_world310.lib(opencv_world310.dll); second definition ignored
     1>CameraConvertor.obj : warning LNK4006: "public: int const & __cdecl cv::MatSize::operator[](int)const " (??AMatSize@cv@@QEBAAEBHH@Z) already defined in opencv_world310.lib(opencv_world310.dll); second definition ignored
     1>CameraConvertor.obj : warning LNK4006: "public: unsigned __int64 & __cdecl cv::MatStep::operator[](int)" (??AMatStep@cv@@QEAAAEA_KH@Z) already defined in opencv_world310.lib(opencv_world310.dll); second definition ignored
     1>CameraConvertor.obj : warning LNK4006: "public: unsigned __int64 const & __cdecl cv::MatStep::operator[](int)const " (??AMatStep@cv@@QEBAAEB_KH@Z) already defined in opencv_world310.lib(opencv_world310.dll); second definition ignored
     1>CameraConvertor.obj : warning LNK4006: "public: bool __cdecl cv::Mat::empty(void)const " (?empty@Mat@cv@@QEBA_NXZ) already defined in opencv_world310.lib(opencv_world310.dll); second definition ignored
     1>CameraConvertor.obj : warning LNK4006: "protected: void __cdecl cv::_InputArray::init(int,void const *)" (?init@_InputArray@cv@@IEAAXHPEBX@Z) already defined in opencv_world310.lib(opencv_world310.dll); second definition ignored
     1>CameraConvertor.obj : warning LNK4006: "public: void __cdecl cv::Mat::release(void)" (?release@Mat@cv@@QEAAXXZ) already defined in opencv_world310.lib(opencv_world310.dll); second definition ignored
     1>CameraConvertor.obj : warning LNK4006: "public: unsigned __int64 __cdecl cv::Mat::total(void)const " (?total@Mat@cv@@QEBA_KXZ) already defined in opencv_world310.lib(opencv_world310.dll); second definition ignored
         CameraConvertor.vcxproj -> C:\Users\hmduong\Documents\GitHub\PlateRecogFramework\PlateRecognizationFramework\x64\Debug\CameraConvertor.lib
     1>Done Building Project "C:\Users\hmduong\Documents\GitHub\PlateRecogFramework\PlateRecognizationFramework\CameraConvertor\CameraConvertor.vcxproj" (Build target(s)).

Build succeeded.

Time Elapsed 00:00:01.71
