Build started 4/2/2016 8:12:15 PM.
     1>Project "C:\Users\hmduong\Documents\GitHub\PlateRecogFramework\PlateRecognizationFramework\CarDetector\CarDetector.vcxproj" on node 4 (Build target(s)).
     1>ClCompile:
         C:\Program Files (x86)\Microsoft Visual Studio 12.0\VC\bin\CL.exe /c /Iinclude /IE:\PlateRecogExtendedLib\opencv\build\include /ZI /nologo /W3 /WX- /sdl /Od /Oy- /D WIN32 /D _DEBUG /D _LIB /D _UNICODE /D UNICODE /Gm /EHsc /RTC1 /MDd /GS /fp:precise /Zc:wchar_t /Zc:forScope /Fo"Debug\\" /Fd"Debug\vc120.pdb" /Gd /TP /analyze- /errorReport:prompt src\BackgroundSubtractionData.cpp src\BackgroundSubtractionStrategy.cpp src\CarDetector.cpp src\CarRegion.cpp src\ICarDetect.cpp
         ICarDetect.cpp
         CarRegion.cpp
         CarDetector.cpp
         BackgroundSubtractionStrategy.cpp
         BackgroundSubtractionData.cpp
         Generating Code...
       Lib:
         C:\Program Files (x86)\Microsoft Visual Studio 12.0\VC\bin\Lib.exe /OUT:"C:\Users\hmduong\Documents\GitHub\PlateRecogFramework\PlateRecognizationFramework\Debug\CarDetector.lib" /NOLOGO Debug\BackgroundSubtractionData.obj
         Debug\BackgroundSubtractionStrategy.obj
         Debug\CarDetector.obj
         Debug\CarRegion.obj
         Debug\ICarDetect.obj
         CarDetector.vcxproj -> C:\Users\hmduong\Documents\GitHub\PlateRecogFramework\PlateRecognizationFramework\Debug\CarDetector.lib
     1>Done Building Project "C:\Users\hmduong\Documents\GitHub\PlateRecogFramework\PlateRecognizationFramework\CarDetector\CarDetector.vcxproj" (Build target(s)).

Build succeeded.

Time Elapsed 00:00:01.82
